2016-07-26 11:35:24.173  INFO 4380 --- [restartedMain] cn.tendata.minzone.webapp.MyApplication  : Starting MyApplication on js-100-PC with PID 4380 (E:\stsdoc\min-zone\min-zone-webapp\bin started by Administrator in E:\stsdoc\min-zone\min-zone-webapp)
2016-07-26 11:35:24.173  INFO 4380 --- [restartedMain] cn.tendata.minzone.webapp.MyApplication  : The following profiles are active: dev
2016-07-26 11:35:24.173  INFO 4380 --- [restartedMain] ationConfigEmbeddedWebApplicationContext : Refreshing org.springframework.boot.context.embedded.AnnotationConfigEmbeddedWebApplicationContext@170d2695: startup date [Tue Jul 26 11:35:24 CST 2016]; root of context hierarchy
2016-07-26 11:35:24.635  INFO 4380 --- [restartedMain] trationDelegate$BeanPostProcessorChecker : Bean 'org.springframework.transaction.annotation.ProxyTransactionManagementConfiguration' of type [class org.springframework.transaction.annotation.ProxyTransactionManagementConfiguration$$EnhancerBySpringCGLIB$$a3c18b6e] is not eligible for getting processed by all BeanPostProcessors (for example: not eligible for auto-proxying)
2016-07-26 11:35:24.665  INFO 4380 --- [restartedMain] s.b.c.e.t.TomcatEmbeddedServletContainer : Tomcat initialized with port(s): 8080 (http)
2016-07-26 11:35:24.665  INFO 4380 --- [restartedMain] o.apache.catalina.core.StandardService   : Starting service Tomcat
2016-07-26 11:35:24.665  INFO 4380 --- [restartedMain] org.apache.catalina.core.StandardEngine  : Starting Servlet Engine: Apache Tomcat/8.0.36
2016-07-26 11:35:24.665  INFO 4380 --- [localhost-startStop-1] o.a.c.c.C.[Tomcat].[localhost].[/]       : Initializing Spring embedded WebApplicationContext
2016-07-26 11:35:24.665  INFO 4380 --- [localhost-startStop-1] o.s.web.context.ContextLoader            : Root WebApplicationContext: initialization completed in 492 ms
2016-07-26 11:35:24.791  INFO 4380 --- [localhost-startStop-1] o.s.b.c.embedded.FilterRegistrationBean  : Mapping filter: 'characterEncodingFilter' to: [/*]
2016-07-26 11:35:24.791  INFO 4380 --- [localhost-startStop-1] o.s.b.c.embedded.FilterRegistrationBean  : Mapping filter: 'hiddenHttpMethodFilter' to: [/*]
2016-07-26 11:35:24.791  INFO 4380 --- [localhost-startStop-1] o.s.b.c.embedded.FilterRegistrationBean  : Mapping filter: 'httpPutFormContentFilter' to: [/*]
2016-07-26 11:35:24.791  INFO 4380 --- [localhost-startStop-1] o.s.b.c.embedded.FilterRegistrationBean  : Mapping filter: 'requestContextFilter' to: [/*]
2016-07-26 11:35:24.791  INFO 4380 --- [localhost-startStop-1] .e.DelegatingFilterProxyRegistrationBean : Mapping filter: 'springSecurityFilterChain' to: [/*]
2016-07-26 11:35:24.791  INFO 4380 --- [localhost-startStop-1] o.s.b.c.e.ServletRegistrationBean        : Mapping servlet: 'dispatcherServlet' to [/]
2016-07-26 11:35:24.897  INFO 4380 --- [localhost-startStop-1] o.s.s.web.DefaultSecurityFilterChain     : Creating filter chain: Ant [pattern='/favicon.ico'], []
2016-07-26 11:35:24.897  INFO 4380 --- [localhost-startStop-1] o.s.s.web.DefaultSecurityFilterChain     : Creating filter chain: Ant [pattern='/css/**'], []
2016-07-26 11:35:24.897  INFO 4380 --- [localhost-startStop-1] o.s.s.web.DefaultSecurityFilterChain     : Creating filter chain: Ant [pattern='/js/**'], []
2016-07-26 11:35:24.897  INFO 4380 --- [localhost-startStop-1] o.s.s.web.DefaultSecurityFilterChain     : Creating filter chain: Ant [pattern='/fonts/**'], []
2016-07-26 11:35:24.897  INFO 4380 --- [localhost-startStop-1] o.s.s.web.DefaultSecurityFilterChain     : Creating filter chain: Ant [pattern='/img/**'], []
2016-07-26 11:35:24.897  INFO 4380 --- [localhost-startStop-1] o.s.s.web.DefaultSecurityFilterChain     : Creating filter chain: Ant [pattern='/webjars/**'], []
2016-07-26 11:35:24.897  INFO 4380 --- [localhost-startStop-1] o.s.s.web.DefaultSecurityFilterChain     : Creating filter chain: Ant [pattern='/admin/app/**'], []
2016-07-26 11:35:24.897  INFO 4380 --- [localhost-startStop-1] o.s.s.web.DefaultSecurityFilterChain     : Creating filter chain: Ant [pattern='/admin/assets/**'], []
2016-07-26 11:35:24.897  INFO 4380 --- [localhost-startStop-1] o.s.s.web.DefaultSecurityFilterChain     : Creating filter chain: Ant [pattern='/admin/css/**'], []
2016-07-26 11:35:24.897  INFO 4380 --- [localhost-startStop-1] o.s.s.web.DefaultSecurityFilterChain     : Creating filter chain: Ant [pattern='/admin/html/**'], []
2016-07-26 11:35:24.897  INFO 4380 --- [localhost-startStop-1] o.s.s.web.DefaultSecurityFilterChain     : Creating filter chain: Ant [pattern='/admin/images/**'], []
2016-07-26 11:35:24.897  INFO 4380 --- [localhost-startStop-1] o.s.s.web.DefaultSecurityFilterChain     : Creating filter chain: Ant [pattern='/error'], []
2016-07-26 11:35:24.907  INFO 4380 --- [localhost-startStop-1] o.s.s.web.DefaultSecurityFilterChain     : Creating filter chain: org.springframework.security.web.util.matcher.AnyRequestMatcher@1, [org.springframework.security.web.context.request.async.WebAsyncManagerIntegrationFilter@37db0521, org.springframework.security.web.context.SecurityContextPersistenceFilter@557d5738, org.springframework.security.web.header.HeaderWriterFilter@4c1415ed, org.springframework.security.web.authentication.logout.LogoutFilter@3e67c436, org.springframework.security.web.authentication.UsernamePasswordAuthenticationFilter@3fc5729c, org.springframework.security.web.session.ConcurrentSessionFilter@681cd3bd, org.springframework.security.web.savedrequest.RequestCacheAwareFilter@39aa9b07, org.springframework.security.web.servletapi.SecurityContextHolderAwareRequestFilter@306878bd, org.springframework.security.web.authentication.AnonymousAuthenticationFilter@61be10d5, org.springframework.security.web.session.SessionManagementFilter@38b62fa0, org.springframework.security.web.access.ExceptionTranslationFilter@f364d53, org.springframework.security.web.access.intercept.FilterSecurityInterceptor@3751d777]
2016-07-26 11:35:24.907  INFO 4380 --- [localhost-startStop-1] o.s.s.web.DefaultSecurityFilterChain     : Creating filter chain: OrRequestMatcher [requestMatchers=[Ant [pattern='/**']]], [org.springframework.security.web.context.request.async.WebAsyncManagerIntegrationFilter@79e58d65, org.springframework.security.web.context.SecurityContextPersistenceFilter@1668441f, org.springframework.security.web.header.HeaderWriterFilter@5577a48d, org.springframework.security.web.authentication.logout.LogoutFilter@2d8defd5, org.springframework.security.web.authentication.www.BasicAuthenticationFilter@79911ec7, org.springframework.security.web.savedrequest.RequestCacheAwareFilter@695baaa, org.springframework.security.web.servletapi.SecurityContextHolderAwareRequestFilter@6eae3539, org.springframework.security.web.authentication.AnonymousAuthenticationFilter@2601924c, org.springframework.security.web.session.SessionManagementFilter@558d71e, org.springframework.security.web.access.ExceptionTranslationFilter@6a2d9e9, org.springframework.security.web.access.intercept.FilterSecurityInterceptor@7e45b60b]
2016-07-26 11:35:24.989  INFO 4380 --- [restartedMain] j.LocalContainerEntityManagerFactoryBean : Building JPA container EntityManagerFactory for persistence unit 'default'
2016-07-26 11:35:24.989  INFO 4380 --- [restartedMain] o.hibernate.jpa.internal.util.LogHelper  : HHH000204: Processing PersistenceUnitInfo [
	name: default
	...]
2016-07-26 11:35:25.029  INFO 4380 --- [restartedMain] org.hibernate.dialect.Dialect            : HHH000400: Using dialect: org.hibernate.dialect.MySQLDialect
2016-07-26 11:35:25.031  INFO 4380 --- [restartedMain] o.h.h.i.ast.ASTQueryTranslatorFactory    : HHH000397: Using ASTQueryTranslatorFactory
2016-07-26 11:35:25.035  INFO 4380 --- [restartedMain] org.hibernate.tool.hbm2ddl.SchemaUpdate  : HHH000228: Running hbm2ddl schema update
2016-07-26 11:35:25.035  INFO 4380 --- [restartedMain] org.hibernate.tool.hbm2ddl.SchemaUpdate  : HHH000102: Fetching database metadata
2016-07-26 11:35:25.035  INFO 4380 --- [restartedMain] org.hibernate.tool.hbm2ddl.SchemaUpdate  : HHH000396: Updating schema
2016-07-26 11:35:25.035  INFO 4380 --- [restartedMain] org.hibernate.tool.hbm2ddl.SchemaUpdate  : HHH000232: Schema update complete
2016-07-26 11:35:25.051  INFO 4380 --- [restartedMain] s.w.s.m.m.a.RequestMappingHandlerAdapter : Looking for @ControllerAdvice: org.springframework.boot.context.embedded.AnnotationConfigEmbeddedWebApplicationContext@170d2695: startup date [Tue Jul 26 11:35:24 CST 2016]; root of context hierarchy
2016-07-26 11:35:25.051  INFO 4380 --- [restartedMain] s.w.s.m.m.a.RequestMappingHandlerMapping : Mapped "{[/home],methods=[GET]}" onto public java.lang.String cn.tendata.minzone.manager.controllers.HomeController.home()
2016-07-26 11:35:25.051  INFO 4380 --- [restartedMain] s.w.s.m.m.a.RequestMappingHandlerMapping : Mapped "{[/login || /login/],methods=[GET]}" onto public java.lang.String cn.tendata.minzone.manager.controllers.LoginController.login()
2016-07-26 11:35:25.051  INFO 4380 --- [restartedMain] s.w.s.m.m.a.RequestMappingHandlerMapping : Mapped "{[/error]}" onto public org.springframework.http.ResponseEntity<java.util.Map<java.lang.String, java.lang.Object>> org.springframework.boot.autoconfigure.web.BasicErrorController.error(javax.servlet.http.HttpServletRequest)
2016-07-26 11:35:25.061  INFO 4380 --- [restartedMain] s.w.s.m.m.a.RequestMappingHandlerMapping : Mapped "{[/error],produces=[text/html]}" onto public org.springframework.web.servlet.ModelAndView org.springframework.boot.autoconfigure.web.BasicErrorController.errorHtml(javax.servlet.http.HttpServletRequest,javax.servlet.http.HttpServletResponse)
2016-07-26 11:35:25.061  INFO 4380 --- [restartedMain] o.s.w.s.handler.SimpleUrlHandlerMapping  : Mapped URL path [/webjars/**] onto handler of type [class org.springframework.web.servlet.resource.ResourceHttpRequestHandler]
2016-07-26 11:35:25.061  INFO 4380 --- [restartedMain] o.s.w.s.handler.SimpleUrlHandlerMapping  : Mapped URL path [/**] onto handler of type [class org.springframework.web.servlet.resource.ResourceHttpRequestHandler]
2016-07-26 11:35:25.071  INFO 4380 --- [restartedMain] o.s.w.s.handler.SimpleUrlHandlerMapping  : Mapped URL path [/**/favicon.ico] onto handler of type [class org.springframework.web.servlet.resource.ResourceHttpRequestHandler]
2016-07-26 11:35:25.126  INFO 4380 --- [restartedMain] o.s.b.d.a.OptionalLiveReloadServer       : LiveReload server is running on port 35729
2016-07-26 11:35:25.148  INFO 4380 --- [restartedMain] o.s.j.e.a.AnnotationMBeanExporter        : Registering beans for JMX exposure on startup
2016-07-26 11:35:25.163  INFO 4380 --- [restartedMain] s.b.c.e.t.TomcatEmbeddedServletContainer : Tomcat started on port(s): 8080 (http)
2016-07-26 11:35:25.164  INFO 4380 --- [restartedMain] cn.tendata.minzone.webapp.MyApplication  : Started MyApplication in 1.131 seconds (JVM running for 545.322)
2016-07-26 11:35:34.573  INFO 4380 --- [Thread-51] ationConfigEmbeddedWebApplicationContext : Closing org.springframework.boot.context.embedded.AnnotationConfigEmbeddedWebApplicationContext@170d2695: startup date [Tue Jul 26 11:35:24 CST 2016]; root of context hierarchy
2016-07-26 11:35:34.573  INFO 4380 --- [Thread-51] o.s.j.e.a.AnnotationMBeanExporter        : Unregistering JMX-exposed beans on shutdown
2016-07-26 11:35:34.573  INFO 4380 --- [Thread-51] j.LocalContainerEntityManagerFactoryBean : Closing JPA EntityManagerFactory for persistence unit 'default'
2016-07-26 11:35:34.816  INFO 4380 --- [restartedMain] cn.tendata.minzone.webapp.MyApplication  : Starting MyApplication on js-100-PC with PID 4380 (E:\stsdoc\min-zone\min-zone-webapp\bin started by Administrator in E:\stsdoc\min-zone\min-zone-webapp)
2016-07-26 11:35:34.816  INFO 4380 --- [restartedMain] cn.tendata.minzone.webapp.MyApplication  : The following profiles are active: mysql,dev
2016-07-26 11:35:34.816  INFO 4380 --- [restartedMain] ationConfigEmbeddedWebApplicationContext : Refreshing org.springframework.boot.context.embedded.AnnotationConfigEmbeddedWebApplicationContext@2e1bb79e: startup date [Tue Jul 26 11:35:34 CST 2016]; root of context hierarchy
2016-07-26 11:35:35.258  INFO 4380 --- [restartedMain] trationDelegate$BeanPostProcessorChecker : Bean 'org.springframework.transaction.annotation.ProxyTransactionManagementConfiguration' of type [class org.springframework.transaction.annotation.ProxyTransactionManagementConfiguration$$EnhancerBySpringCGLIB$$a3c18b6e] is not eligible for getting processed by all BeanPostProcessors (for example: not eligible for auto-proxying)
2016-07-26 11:35:35.288  INFO 4380 --- [restartedMain] s.b.c.e.t.TomcatEmbeddedServletContainer : Tomcat initialized with port(s): 8085 (http)
2016-07-26 11:35:35.288  INFO 4380 --- [restartedMain] o.apache.catalina.core.StandardService   : Starting service Tomcat
2016-07-26 11:35:35.288  INFO 4380 --- [restartedMain] org.apache.catalina.core.StandardEngine  : Starting Servlet Engine: Apache Tomcat/8.0.36
2016-07-26 11:35:35.288  INFO 4380 --- [localhost-startStop-1] o.a.c.c.C.[Tomcat].[localhost].[/]       : Initializing Spring embedded WebApplicationContext
2016-07-26 11:35:35.288  INFO 4380 --- [localhost-startStop-1] o.s.web.context.ContextLoader            : Root WebApplicationContext: initialization completed in 472 ms
2016-07-26 11:35:35.357  INFO 4380 --- [localhost-startStop-1] o.s.b.c.embedded.FilterRegistrationBean  : Mapping filter: 'characterEncodingFilter' to: [/*]
2016-07-26 11:35:35.357  INFO 4380 --- [localhost-startStop-1] o.s.b.c.embedded.FilterRegistrationBean  : Mapping filter: 'hiddenHttpMethodFilter' to: [/*]
2016-07-26 11:35:35.357  INFO 4380 --- [localhost-startStop-1] o.s.b.c.embedded.FilterRegistrationBean  : Mapping filter: 'httpPutFormContentFilter' to: [/*]
2016-07-26 11:35:35.357  INFO 4380 --- [localhost-startStop-1] o.s.b.c.embedded.FilterRegistrationBean  : Mapping filter: 'requestContextFilter' to: [/*]
2016-07-26 11:35:35.358  INFO 4380 --- [localhost-startStop-1] .e.DelegatingFilterProxyRegistrationBean : Mapping filter: 'springSecurityFilterChain' to: [/*]
2016-07-26 11:35:35.358  INFO 4380 --- [localhost-startStop-1] o.s.b.c.e.ServletRegistrationBean        : Mapping servlet: 'dispatcherServlet' to [/]
2016-07-26 11:35:35.412  INFO 4380 --- [localhost-startStop-1] o.s.s.web.DefaultSecurityFilterChain     : Creating filter chain: Ant [pattern='/favicon.ico'], []
2016-07-26 11:35:35.412  INFO 4380 --- [localhost-startStop-1] o.s.s.web.DefaultSecurityFilterChain     : Creating filter chain: Ant [pattern='/css/**'], []
2016-07-26 11:35:35.412  INFO 4380 --- [localhost-startStop-1] o.s.s.web.DefaultSecurityFilterChain     : Creating filter chain: Ant [pattern='/js/**'], []
2016-07-26 11:35:35.412  INFO 4380 --- [localhost-startStop-1] o.s.s.web.DefaultSecurityFilterChain     : Creating filter chain: Ant [pattern='/fonts/**'], []
2016-07-26 11:35:35.412  INFO 4380 --- [localhost-startStop-1] o.s.s.web.DefaultSecurityFilterChain     : Creating filter chain: Ant [pattern='/img/**'], []
2016-07-26 11:35:35.412  INFO 4380 --- [localhost-startStop-1] o.s.s.web.DefaultSecurityFilterChain     : Creating filter chain: Ant [pattern='/webjars/**'], []
2016-07-26 11:35:35.412  INFO 4380 --- [localhost-startStop-1] o.s.s.web.DefaultSecurityFilterChain     : Creating filter chain: Ant [pattern='/admin/app/**'], []
2016-07-26 11:35:35.412  INFO 4380 --- [localhost-startStop-1] o.s.s.web.DefaultSecurityFilterChain     : Creating filter chain: Ant [pattern='/admin/assets/**'], []
2016-07-26 11:35:35.412  INFO 4380 --- [localhost-startStop-1] o.s.s.web.DefaultSecurityFilterChain     : Creating filter chain: Ant [pattern='/admin/css/**'], []
2016-07-26 11:35:35.412  INFO 4380 --- [localhost-startStop-1] o.s.s.web.DefaultSecurityFilterChain     : Creating filter chain: Ant [pattern='/admin/html/**'], []
2016-07-26 11:35:35.412  INFO 4380 --- [localhost-startStop-1] o.s.s.web.DefaultSecurityFilterChain     : Creating filter chain: Ant [pattern='/admin/images/**'], []
2016-07-26 11:35:35.412  INFO 4380 --- [localhost-startStop-1] o.s.s.web.DefaultSecurityFilterChain     : Creating filter chain: Ant [pattern='/error'], []
2016-07-26 11:35:35.418  INFO 4380 --- [localhost-startStop-1] o.s.s.web.DefaultSecurityFilterChain     : Creating filter chain: org.springframework.security.web.util.matcher.AnyRequestMatcher@1, [org.springframework.security.web.context.request.async.WebAsyncManagerIntegrationFilter@12685071, org.springframework.security.web.context.SecurityContextPersistenceFilter@1527b08a, org.springframework.security.web.header.HeaderWriterFilter@2546d721, org.springframework.security.web.authentication.logout.LogoutFilter@5d4e2b07, org.springframework.security.web.authentication.UsernamePasswordAuthenticationFilter@7c4b066b, org.springframework.security.web.session.ConcurrentSessionFilter@5602fc21, org.springframework.security.web.savedrequest.RequestCacheAwareFilter@64b82d0, org.springframework.security.web.servletapi.SecurityContextHolderAwareRequestFilter@1c6c3f5f, org.springframework.security.web.authentication.AnonymousAuthenticationFilter@61ef505f, org.springframework.security.web.session.SessionManagementFilter@47bbb0c6, org.springframework.security.web.access.ExceptionTranslationFilter@6424e85b, org.springframework.security.web.access.intercept.FilterSecurityInterceptor@7c8be034]
2016-07-26 11:35:35.420  INFO 4380 --- [localhost-startStop-1] o.s.s.web.DefaultSecurityFilterChain     : Creating filter chain: OrRequestMatcher [requestMatchers=[Ant [pattern='/**']]], [org.springframework.security.web.context.request.async.WebAsyncManagerIntegrationFilter@3222403a, org.springframework.security.web.context.SecurityContextPersistenceFilter@2364db59, org.springframework.security.web.header.HeaderWriterFilter@457f00e5, org.springframework.security.web.authentication.logout.LogoutFilter@2f93b800, org.springframework.security.web.authentication.www.BasicAuthenticationFilter@2aa810b8, org.springframework.security.web.savedrequest.RequestCacheAwareFilter@1b3bcd, org.springframework.security.web.servletapi.SecurityContextHolderAwareRequestFilter@3dde7b03, org.springframework.security.web.authentication.AnonymousAuthenticationFilter@6847b94b, org.springframework.security.web.session.SessionManagementFilter@26468323, org.springframework.security.web.access.ExceptionTranslationFilter@521e2850, org.springframework.security.web.access.intercept.FilterSecurityInterceptor@65dae8f9]
2016-07-26 11:35:35.530 ERROR 4380 --- [restartedMain] o.s.b.b.PropertiesConfigurationFactory   : Properties configuration failed validation
2016-07-26 11:35:35.530 ERROR 4380 --- [restartedMain] o.s.b.b.PropertiesConfigurationFactory   : Field error in object 'spring.jpa' on field 'hibernate.namingStrategy': rejected value [cn.tendata.mdcs.data.jpa.config.CustomNamingStrategy]; codes [typeMismatch.spring.jpa.hibernate.namingStrategy,typeMismatch.hibernate.namingStrategy,typeMismatch.namingStrategy,typeMismatch.java.lang.Class,typeMismatch]; arguments [org.springframework.context.support.DefaultMessageSourceResolvable: codes [spring.jpa.hibernate.namingStrategy,hibernate.namingStrategy]; arguments []; default message [hibernate.namingStrategy]]; default message [Failed to convert property value of type [java.lang.String] to required type [java.lang.Class] for property 'hibernate.namingStrategy'; nested exception is java.lang.IllegalArgumentException: Cannot find class [cn.tendata.mdcs.data.jpa.config.CustomNamingStrategy]]
2016-07-26 11:35:35.540  WARN 4380 --- [restartedMain] ationConfigEmbeddedWebApplicationContext : Exception encountered during context initialization - cancelling refresh attempt: org.springframework.beans.factory.UnsatisfiedDependencyException: Error creating bean with name 'org.springframework.boot.autoconfigure.orm.jpa.HibernateJpaAutoConfiguration': Unsatisfied dependency expressed through field 'jpaProperties': Error creating bean with name 'spring.jpa.CONFIGURATION_PROPERTIES': Could not bind properties to JpaProperties (prefix=spring.jpa, ignoreInvalidFields=false, ignoreUnknownFields=true, ignoreNestedProperties=false); nested exception is org.springframework.validation.BindException: org.springframework.boot.bind.RelaxedDataBinder$RelaxedBeanPropertyBindingResult: 1 errors
Field error in object 'spring.jpa' on field 'hibernate.namingStrategy': rejected value [cn.tendata.mdcs.data.jpa.config.CustomNamingStrategy]; codes [typeMismatch.spring.jpa.hibernate.namingStrategy,typeMismatch.hibernate.namingStrategy,typeMismatch.namingStrategy,typeMismatch.java.lang.Class,typeMismatch]; arguments [org.springframework.context.support.DefaultMessageSourceResolvable: codes [spring.jpa.hibernate.namingStrategy,hibernate.namingStrategy]; arguments []; default message [hibernate.namingStrategy]]; default message [Failed to convert property value of type [java.lang.String] to required type [java.lang.Class] for property 'hibernate.namingStrategy'; nested exception is java.lang.IllegalArgumentException: Cannot find class [cn.tendata.mdcs.data.jpa.config.CustomNamingStrategy]]; nested exception is org.springframework.beans.factory.BeanCreationException: Error creating bean with name 'spring.jpa.CONFIGURATION_PROPERTIES': Could not bind properties to JpaProperties (prefix=spring.jpa, ignoreInvalidFields=false, ignoreUnknownFields=true, ignoreNestedProperties=false); nested exception is org.springframework.validation.BindException: org.springframework.boot.bind.RelaxedDataBinder$RelaxedBeanPropertyBindingResult: 1 errors
Field error in object 'spring.jpa' on field 'hibernate.namingStrategy': rejected value [cn.tendata.mdcs.data.jpa.config.CustomNamingStrategy]; codes [typeMismatch.spring.jpa.hibernate.namingStrategy,typeMismatch.hibernate.namingStrategy,typeMismatch.namingStrategy,typeMismatch.java.lang.Class,typeMismatch]; arguments [org.springframework.context.support.DefaultMessageSourceResolvable: codes [spring.jpa.hibernate.namingStrategy,hibernate.namingStrategy]; arguments []; default message [hibernate.namingStrategy]]; default message [Failed to convert property value of type [java.lang.String] to required type [java.lang.Class] for property 'hibernate.namingStrategy'; nested exception is java.lang.IllegalArgumentException: Cannot find class [cn.tendata.mdcs.data.jpa.config.CustomNamingStrategy]]
2016-07-26 11:35:35.540  INFO 4380 --- [restartedMain] o.apache.catalina.core.StandardService   : Stopping service Tomcat
2016-07-26 11:35:35.558 ERROR 4380 --- [restartedMain] o.s.boot.SpringApplication               : Application startup failed

org.springframework.beans.factory.UnsatisfiedDependencyException: Error creating bean with name 'org.springframework.boot.autoconfigure.orm.jpa.HibernateJpaAutoConfiguration': Unsatisfied dependency expressed through field 'jpaProperties': Error creating bean with name 'spring.jpa.CONFIGURATION_PROPERTIES': Could not bind properties to JpaProperties (prefix=spring.jpa, ignoreInvalidFields=false, ignoreUnknownFields=true, ignoreNestedProperties=false); nested exception is org.springframework.validation.BindException: org.springframework.boot.bind.RelaxedDataBinder$RelaxedBeanPropertyBindingResult: 1 errors
Field error in object 'spring.jpa' on field 'hibernate.namingStrategy': rejected value [cn.tendata.mdcs.data.jpa.config.CustomNamingStrategy]; codes [typeMismatch.spring.jpa.hibernate.namingStrategy,typeMismatch.hibernate.namingStrategy,typeMismatch.namingStrategy,typeMismatch.java.lang.Class,typeMismatch]; arguments [org.springframework.context.support.DefaultMessageSourceResolvable: codes [spring.jpa.hibernate.namingStrategy,hibernate.namingStrategy]; arguments []; default message [hibernate.namingStrategy]]; default message [Failed to convert property value of type [java.lang.String] to required type [java.lang.Class] for property 'hibernate.namingStrategy'; nested exception is java.lang.IllegalArgumentException: Cannot find class [cn.tendata.mdcs.data.jpa.config.CustomNamingStrategy]]; nested exception is org.springframework.beans.factory.BeanCreationException: Error creating bean with name 'spring.jpa.CONFIGURATION_PROPERTIES': Could not bind properties to JpaProperties (prefix=spring.jpa, ignoreInvalidFields=false, ignoreUnknownFields=true, ignoreNestedProperties=false); nested exception is org.springframework.validation.BindException: org.springframework.boot.bind.RelaxedDataBinder$RelaxedBeanPropertyBindingResult: 1 errors
Field error in object 'spring.jpa' on field 'hibernate.namingStrategy': rejected value [cn.tendata.mdcs.data.jpa.config.CustomNamingStrategy]; codes [typeMismatch.spring.jpa.hibernate.namingStrategy,typeMismatch.hibernate.namingStrategy,typeMismatch.namingStrategy,typeMismatch.java.lang.Class,typeMismatch]; arguments [org.springframework.context.support.DefaultMessageSourceResolvable: codes [spring.jpa.hibernate.namingStrategy,hibernate.namingStrategy]; arguments []; default message [hibernate.namingStrategy]]; default message [Failed to convert property value of type [java.lang.String] to required type [java.lang.Class] for property 'hibernate.namingStrategy'; nested exception is java.lang.IllegalArgumentException: Cannot find class [cn.tendata.mdcs.data.jpa.config.CustomNamingStrategy]]
	at org.springframework.beans.factory.annotation.AutowiredAnnotationBeanPostProcessor$AutowiredFieldElement.inject(AutowiredAnnotationBeanPostProcessor.java:569) ~[spring-beans-4.3.1.RELEASE.jar:4.3.1.RELEASE]
	at org.springframework.beans.factory.annotation.InjectionMetadata.inject(InjectionMetadata.java:88) ~[spring-beans-4.3.1.RELEASE.jar:4.3.1.RELEASE]
	at org.springframework.beans.factory.annotation.AutowiredAnnotationBeanPostProcessor.postProcessPropertyValues(AutowiredAnnotationBeanPostProcessor.java:349) ~[spring-beans-4.3.1.RELEASE.jar:4.3.1.RELEASE]
	at org.springframework.beans.factory.support.AbstractAutowireCapableBeanFactory.populateBean(AbstractAutowireCapableBeanFactory.java:1214) ~[spring-beans-4.3.1.RELEASE.jar:4.3.1.RELEASE]
	at org.springframework.beans.factory.support.AbstractAutowireCapableBeanFactory.doCreateBean(AbstractAutowireCapableBeanFactory.java:543) ~[spring-beans-4.3.1.RELEASE.jar:4.3.1.RELEASE]
	at org.springframework.beans.factory.support.AbstractAutowireCapableBeanFactory.createBean(AbstractAutowireCapableBeanFactory.java:482) ~[spring-beans-4.3.1.RELEASE.jar:4.3.1.RELEASE]
	at org.springframework.beans.factory.support.AbstractBeanFactory$1.getObject(AbstractBeanFactory.java:306) ~[spring-beans-4.3.1.RELEASE.jar:4.3.1.RELEASE]
	at org.springframework.beans.factory.support.DefaultSingletonBeanRegistry.getSingleton(DefaultSingletonBeanRegistry.java:230) ~[spring-beans-4.3.1.RELEASE.jar:4.3.1.RELEASE]
	at org.springframework.beans.factory.support.AbstractBeanFactory.doGetBean(AbstractBeanFactory.java:302) ~[spring-beans-4.3.1.RELEASE.jar:4.3.1.RELEASE]
	at org.springframework.beans.factory.support.AbstractBeanFactory.getBean(AbstractBeanFactory.java:197) ~[spring-beans-4.3.1.RELEASE.jar:4.3.1.RELEASE]
	at org.springframework.beans.factory.support.ConstructorResolver.instantiateUsingFactoryMethod(ConstructorResolver.java:372) ~[spring-beans-4.3.1.RELEASE.jar:4.3.1.RELEASE]
	at org.springframework.beans.factory.support.AbstractAutowireCapableBeanFactory.instantiateUsingFactoryMethod(AbstractAutowireCapableBeanFactory.java:1123) ~[spring-beans-4.3.1.RELEASE.jar:4.3.1.RELEASE]
	at org.springframework.beans.factory.support.AbstractAutowireCapableBeanFactory.createBeanInstance(AbstractAutowireCapableBeanFactory.java:1018) ~[spring-beans-4.3.1.RELEASE.jar:4.3.1.RELEASE]
	at org.springframework.beans.factory.support.AbstractAutowireCapableBeanFactory.doCreateBean(AbstractAutowireCapableBeanFactory.java:510) ~[spring-beans-4.3.1.RELEASE.jar:4.3.1.RELEASE]
	at org.springframework.beans.factory.support.AbstractAutowireCapableBeanFactory.createBean(AbstractAutowireCapableBeanFactory.java:482) ~[spring-beans-4.3.1.RELEASE.jar:4.3.1.RELEASE]
	at org.springframework.beans.factory.support.AbstractBeanFactory$1.getObject(AbstractBeanFactory.java:306) ~[spring-beans-4.3.1.RELEASE.jar:4.3.1.RELEASE]
	at org.springframework.beans.factory.support.DefaultSingletonBeanRegistry.getSingleton(DefaultSingletonBeanRegistry.java:230) ~[spring-beans-4.3.1.RELEASE.jar:4.3.1.RELEASE]
	at org.springframework.beans.factory.support.AbstractBeanFactory.doGetBean(AbstractBeanFactory.java:302) ~[spring-beans-4.3.1.RELEASE.jar:4.3.1.RELEASE]
	at org.springframework.beans.factory.support.AbstractBeanFactory.getBean(AbstractBeanFactory.java:197) ~[spring-beans-4.3.1.RELEASE.jar:4.3.1.RELEASE]
	at org.springframework.context.support.AbstractApplicationContext.getBean(AbstractApplicationContext.java:1076) ~[spring-context-4.3.1.RELEASE.jar:4.3.1.RELEASE]
	at org.springframework.context.support.AbstractApplicationContext.finishBeanFactoryInitialization(AbstractApplicationContext.java:851) ~[spring-context-4.3.1.RELEASE.jar:4.3.1.RELEASE]
	at org.springframework.context.support.AbstractApplicationContext.refresh(AbstractApplicationContext.java:541) ~[spring-context-4.3.1.RELEASE.jar:4.3.1.RELEASE]
	at org.springframework.boot.context.embedded.EmbeddedWebApplicationContext.refresh(EmbeddedWebApplicationContext.java:118) ~[spring-boot-1.3.6.RELEASE.jar:1.3.6.RELEASE]
	at org.springframework.boot.SpringApplication.refresh(SpringApplication.java:760) [spring-boot-1.3.6.RELEASE.jar:1.3.6.RELEASE]
	at org.springframework.boot.SpringApplication.createAndRefreshContext(SpringApplication.java:360) [spring-boot-1.3.6.RELEASE.jar:1.3.6.RELEASE]
	at org.springframework.boot.SpringApplication.run(SpringApplication.java:306) [spring-boot-1.3.6.RELEASE.jar:1.3.6.RELEASE]
	at org.springframework.boot.SpringApplication.run(SpringApplication.java:1185) [spring-boot-1.3.6.RELEASE.jar:1.3.6.RELEASE]
	at org.springframework.boot.SpringApplication.run(SpringApplication.java:1174) [spring-boot-1.3.6.RELEASE.jar:1.3.6.RELEASE]
	at cn.tendata.minzone.webapp.MyApplication.main(MyApplication.java:19) [bin/:na]
	at sun.reflect.NativeMethodAccessorImpl.invoke0(Native Method) ~[na:1.8.0_92]
	at sun.reflect.NativeMethodAccessorImpl.invoke(NativeMethodAccessorImpl.java:62) ~[na:1.8.0_92]
	at sun.reflect.DelegatingMethodAccessorImpl.invoke(DelegatingMethodAccessorImpl.java:43) ~[na:1.8.0_92]
	at java.lang.reflect.Method.invoke(Method.java:498) ~[na:1.8.0_92]
	at org.springframework.boot.devtools.restart.RestartLauncher.run(RestartLauncher.java:49) [spring-boot-devtools-1.3.6.RELEASE.jar:1.3.6.RELEASE]
Caused by: org.springframework.beans.factory.BeanCreationException: Error creating bean with name 'spring.jpa.CONFIGURATION_PROPERTIES': Could not bind properties to JpaProperties (prefix=spring.jpa, ignoreInvalidFields=false, ignoreUnknownFields=true, ignoreNestedProperties=false); nested exception is org.springframework.validation.BindException: org.springframework.boot.bind.RelaxedDataBinder$RelaxedBeanPropertyBindingResult: 1 errors
Field error in object 'spring.jpa' on field 'hibernate.namingStrategy': rejected value [cn.tendata.mdcs.data.jpa.config.CustomNamingStrategy]; codes [typeMismatch.spring.jpa.hibernate.namingStrategy,typeMismatch.hibernate.namingStrategy,typeMismatch.namingStrategy,typeMismatch.java.lang.Class,typeMismatch]; arguments [org.springframework.context.support.DefaultMessageSourceResolvable: codes [spring.jpa.hibernate.namingStrategy,hibernate.namingStrategy]; arguments []; default message [hibernate.namingStrategy]]; default message [Failed to convert property value of type [java.lang.String] to required type [java.lang.Class] for property 'hibernate.namingStrategy'; nested exception is java.lang.IllegalArgumentException: Cannot find class [cn.tendata.mdcs.data.jpa.config.CustomNamingStrategy]]
	at org.springframework.boot.context.properties.ConfigurationPropertiesBindingPostProcessor.postProcessBeforeInitialization(ConfigurationPropertiesBindingPostProcessor.java:339) ~[spring-boot-1.3.6.RELEASE.jar:1.3.6.RELEASE]
	at org.springframework.boot.context.properties.ConfigurationPropertiesBindingPostProcessor.postProcessBeforeInitialization(ConfigurationPropertiesBindingPostProcessor.java:289) ~[spring-boot-1.3.6.RELEASE.jar:1.3.6.RELEASE]
	at org.springframework.beans.factory.support.AbstractAutowireCapableBeanFactory.applyBeanPostProcessorsBeforeInitialization(AbstractAutowireCapableBeanFactory.java:408) ~[spring-beans-4.3.1.RELEASE.jar:4.3.1.RELEASE]
	at org.springframework.beans.factory.support.AbstractAutowireCapableBeanFactory.initializeBean(AbstractAutowireCapableBeanFactory.java:1570) ~[spring-beans-4.3.1.RELEASE.jar:4.3.1.RELEASE]
	at org.springframework.beans.factory.support.AbstractAutowireCapableBeanFactory.doCreateBean(AbstractAutowireCapableBeanFactory.java:545) ~[spring-beans-4.3.1.RELEASE.jar:4.3.1.RELEASE]
	at org.springframework.beans.factory.support.AbstractAutowireCapableBeanFactory.createBean(AbstractAutowireCapableBeanFactory.java:482) ~[spring-beans-4.3.1.RELEASE.jar:4.3.1.RELEASE]
	at org.springframework.beans.factory.support.AbstractBeanFactory$1.getObject(AbstractBeanFactory.java:306) ~[spring-beans-4.3.1.RELEASE.jar:4.3.1.RELEASE]
	at org.springframework.beans.factory.support.DefaultSingletonBeanRegistry.getSingleton(DefaultSingletonBeanRegistry.java:230) ~[spring-beans-4.3.1.RELEASE.jar:4.3.1.RELEASE]
	at org.springframework.beans.factory.support.AbstractBeanFactory.doGetBean(AbstractBeanFactory.java:302) ~[spring-beans-4.3.1.RELEASE.jar:4.3.1.RELEASE]
	at org.springframework.beans.factory.support.AbstractBeanFactory.getBean(AbstractBeanFactory.java:197) ~[spring-beans-4.3.1.RELEASE.jar:4.3.1.RELEASE]
	at org.springframework.beans.factory.config.DependencyDescriptor.resolveCandidate(DependencyDescriptor.java:187) ~[spring-beans-4.3.1.RELEASE.jar:4.3.1.RELEASE]
	at org.springframework.beans.factory.support.DefaultListableBeanFactory.findAutowireCandidates(DefaultListableBeanFactory.java:1213) ~[spring-beans-4.3.1.RELEASE.jar:4.3.1.RELEASE]
	at org.springframework.beans.factory.support.DefaultListableBeanFactory.doResolveDependency(DefaultListableBeanFactory.java:1053) ~[spring-beans-4.3.1.RELEASE.jar:4.3.1.RELEASE]
	at org.springframework.beans.factory.support.DefaultListableBeanFactory.resolveDependency(DefaultListableBeanFactory.java:1018) ~[spring-beans-4.3.1.RELEASE.jar:4.3.1.RELEASE]
	at org.springframework.beans.factory.annotation.AutowiredAnnotationBeanPostProcessor$AutowiredFieldElement.inject(AutowiredAnnotationBeanPostProcessor.java:566) ~[spring-beans-4.3.1.RELEASE.jar:4.3.1.RELEASE]
	... 33 common frames omitted
Caused by: org.springframework.validation.BindException: org.springframework.boot.bind.RelaxedDataBinder$RelaxedBeanPropertyBindingResult: 1 errors
Field error in object 'spring.jpa' on field 'hibernate.namingStrategy': rejected value [cn.tendata.mdcs.data.jpa.config.CustomNamingStrategy]; codes [typeMismatch.spring.jpa.hibernate.namingStrategy,typeMismatch.hibernate.namingStrategy,typeMismatch.namingStrategy,typeMismatch.java.lang.Class,typeMismatch]; arguments [org.springframework.context.support.DefaultMessageSourceResolvable: codes [spring.jpa.hibernate.namingStrategy,hibernate.namingStrategy]; arguments []; default message [hibernate.namingStrategy]]; default message [Failed to convert property value of type [java.lang.String] to required type [java.lang.Class] for property 'hibernate.namingStrategy'; nested exception is java.lang.IllegalArgumentException: Cannot find class [cn.tendata.mdcs.data.jpa.config.CustomNamingStrategy]]
	at org.springframework.boot.bind.PropertiesConfigurationFactory.validate(PropertiesConfigurationFactory.java:362) ~[spring-boot-1.3.6.RELEASE.jar:1.3.6.RELEASE]
	at org.springframework.boot.bind.PropertiesConfigurationFactory.doBindPropertiesToTarget(PropertiesConfigurationFactory.java:271) ~[spring-boot-1.3.6.RELEASE.jar:1.3.6.RELEASE]
	at org.springframework.boot.bind.PropertiesConfigurationFactory.bindPropertiesToTarget(PropertiesConfigurationFactory.java:241) ~[spring-boot-1.3.6.RELEASE.jar:1.3.6.RELEASE]
	at org.springframework.boot.context.properties.ConfigurationPropertiesBindingPostProcessor.postProcessBeforeInitialization(ConfigurationPropertiesBindingPostProcessor.java:334) ~[spring-boot-1.3.6.RELEASE.jar:1.3.6.RELEASE]
	... 47 common frames omitted

2016-07-26 11:35:35.562  INFO 4380 --- [restartedMain] .b.l.ClasspathLoggingApplicationListener : Application failed to start with classpath: [file:/E:/stsdoc/min-zone/min-zone-webapp/bin/, file:/E:/stsdoc/min-zone/min-zone-admin-manager/bin/, file:/E:/stsdoc/min-zone/min-zone-manger/bin/]
